<?xml version="1.0" encoding="UTF-8"?>
<coverage generated="1524472422145" clover="3.2.0">
  <project timestamp="1524472422145" name="All files">
    <metrics statements="94" coveredstatements="94" conditionals="28" coveredconditionals="28" methods="25" coveredmethods="25" elements="147" coveredelements="147" complexity="0" loc="94" ncloc="94" packages="1" files="1" classes="1">
      <file name="LinkedList.ts" path="/Users/zoltanmagyar/Sandbox/doublylinkedlist/src/LinkedList.ts">
        <metrics statements="94" coveredstatements="94" conditionals="28" coveredconditionals="28" methods="25" coveredmethods="25"/>
        <line num="1" count="1" type="stmt"/>
        <line num="3" count="1" type="stmt"/>
        <line num="7" count="64" type="stmt"/>
        <line num="11" count="51" type="stmt"/>
        <line num="18" count="8" type="stmt"/>
        <line num="19" count="8" type="stmt"/>
        <line num="20" count="8" type="stmt"/>
        <line num="21" count="8" type="stmt"/>
        <line num="26" count="8" type="stmt"/>
        <line num="30" count="1" type="stmt"/>
        <line num="36" count="63" type="stmt"/>
        <line num="37" count="63" type="stmt"/>
        <line num="38" count="63" type="stmt"/>
        <line num="42" count="1" type="stmt"/>
        <line num="43" count="19" type="stmt"/>
        <line num="44" count="19" type="stmt"/>
        <line num="45" count="19" type="stmt"/>
        <line num="53" count="2" type="stmt"/>
        <line num="62" count="4" type="stmt"/>
        <line num="71" count="1" type="cond" truecount="2" falsecount="0"/>
        <line num="80" count="3" type="cond" truecount="2" falsecount="0"/>
        <line num="90" count="59" type="stmt"/>
        <line num="91" count="59" type="cond" truecount="2" falsecount="0"/>
        <line num="92" count="19" type="stmt"/>
        <line num="93" count="19" type="stmt"/>
        <line num="95" count="40" type="stmt"/>
        <line num="96" count="40" type="stmt"/>
        <line num="97" count="40" type="stmt"/>
        <line num="99" count="59" type="stmt"/>
        <line num="100" count="59" type="stmt"/>
        <line num="110" count="5" type="stmt"/>
        <line num="111" count="5" type="cond" truecount="2" falsecount="0"/>
        <line num="113" count="4" type="stmt"/>
        <line num="114" count="4" type="stmt"/>
        <line num="115" count="4" type="cond" truecount="2" falsecount="0"/>
        <line num="116" count="1" type="stmt"/>
        <line num="118" count="3" type="stmt"/>
        <line num="119" count="3" type="cond" truecount="2" falsecount="0"/>
        <line num="120" count="2" type="stmt"/>
        <line num="122" count="1" type="stmt"/>
        <line num="125" count="4" type="stmt"/>
        <line num="126" count="4" type="stmt"/>
        <line num="135" count="11" type="stmt"/>
        <line num="136" count="11" type="stmt"/>
        <line num="137" count="38" type="stmt"/>
        <line num="139" count="11" type="stmt"/>
        <line num="149" count="12" type="stmt"/>
        <line num="150" count="12" type="stmt"/>
        <line num="151" count="40" type="stmt"/>
        <line num="152" count="40" type="stmt"/>
        <line num="165" count="5" type="cond" truecount="2" falsecount="0"/>
        <line num="166" count="1" type="stmt"/>
        <line num="168" count="4" type="stmt"/>
        <line num="169" count="4" type="stmt"/>
        <line num="170" count="4" type="cond" truecount="2" falsecount="0"/>
        <line num="172" count="3" type="cond" truecount="2" falsecount="0"/>
        <line num="173" count="1" type="stmt"/>
        <line num="174" count="1" type="stmt"/>
        <line num="175" count="1" type="stmt"/>
        <line num="176" count="1" type="stmt"/>
        <line num="177" count="1" type="stmt"/>
        <line num="179" count="2" type="stmt"/>
        <line num="180" count="2" type="stmt"/>
        <line num="181" count="2" type="stmt"/>
        <line num="183" count="2" type="stmt"/>
        <line num="184" count="2" type="stmt"/>
        <line num="185" count="2" type="stmt"/>
        <line num="192" count="1" type="stmt"/>
        <line num="195" count="1" type="stmt"/>
        <line num="196" count="4" type="stmt"/>
        <line num="197" count="4" type="stmt"/>
        <line num="198" count="4" type="stmt"/>
        <line num="201" count="1" type="stmt"/>
        <line num="210" count="2" type="stmt"/>
        <line num="211" count="2" type="stmt"/>
        <line num="212" count="2" type="stmt"/>
        <line num="214" count="2" type="stmt"/>
        <line num="215" count="7" type="stmt"/>
        <line num="216" count="7" type="stmt"/>
        <line num="218" count="7" type="stmt"/>
        <line num="220" count="2" type="stmt"/>
        <line num="221" count="7" type="stmt"/>
        <line num="224" count="2" type="stmt"/>
        <line num="234" count="23" type="cond" truecount="6" falsecount="0"/>
        <line num="236" count="4" type="stmt"/>
        <line num="238" count="19" type="stmt"/>
        <line num="239" count="19" type="stmt"/>
        <line num="241" count="19" type="cond" truecount="2" falsecount="0"/>
        <line num="242" count="37" type="stmt"/>
        <line num="243" count="37" type="stmt"/>
        <line num="246" count="19" type="stmt"/>
        <line num="256" count="3" type="stmt"/>
        <line num="257" count="3" type="cond" truecount="2" falsecount="0"/>
        <line num="266" count="32" type="stmt"/>
      </file>
    </metrics>
  </project>
</coverage>
