<?xml version="1.0" encoding="UTF-8"?>
<coverage generated="1524047996009" clover="3.2.0">
  <project timestamp="1524047996009" name="All files">
    <metrics statements="102" coveredstatements="102" conditionals="37" coveredconditionals="37" methods="21" coveredmethods="21" elements="160" coveredelements="160" complexity="0" loc="102" ncloc="102" packages="1" files="1" classes="1">
      <file name="LinkedList.ts" path="/Users/caladan/WebstormProjects/eventloop/linkedList/src/LinkedList.ts">
        <metrics statements="102" coveredstatements="102" conditionals="37" coveredconditionals="37" methods="21" coveredmethods="21"/>
        <line num="1" count="1" type="stmt"/>
        <line num="3" count="1" type="stmt"/>
        <line num="7" count="64" type="stmt"/>
        <line num="11" count="51" type="stmt"/>
        <line num="18" count="8" type="stmt"/>
        <line num="19" count="8" type="stmt"/>
        <line num="20" count="8" type="stmt"/>
        <line num="21" count="8" type="stmt"/>
        <line num="26" count="8" type="stmt"/>
        <line num="30" count="1" type="stmt"/>
        <line num="36" count="63" type="stmt"/>
        <line num="37" count="63" type="stmt"/>
        <line num="38" count="63" type="stmt"/>
        <line num="42" count="1" type="stmt"/>
        <line num="43" count="19" type="stmt"/>
        <line num="44" count="19" type="stmt"/>
        <line num="45" count="19" type="stmt"/>
        <line num="48" count="3" type="cond" truecount="4" falsecount="0"/>
        <line num="49" count="2" type="stmt"/>
        <line num="53" count="7" type="cond" truecount="4" falsecount="0"/>
        <line num="54" count="4" type="stmt"/>
        <line num="58" count="59" type="stmt"/>
        <line num="60" count="59" type="cond" truecount="2" falsecount="0"/>
        <line num="61" count="19" type="stmt"/>
        <line num="62" count="19" type="stmt"/>
        <line num="64" count="40" type="stmt"/>
        <line num="65" count="40" type="stmt"/>
        <line num="66" count="34" type="stmt"/>
        <line num="68" count="40" type="stmt"/>
        <line num="69" count="40" type="stmt"/>
        <line num="70" count="40" type="stmt"/>
        <line num="72" count="59" type="stmt"/>
        <line num="76" count="5" type="stmt"/>
        <line num="77" count="5" type="cond" truecount="2" falsecount="0"/>
        <line num="78" count="4" type="cond" truecount="2" falsecount="0"/>
        <line num="79" count="1" type="stmt"/>
        <line num="80" count="1" type="stmt"/>
        <line num="81" count="1" type="stmt"/>
        <line num="83" count="3" type="stmt"/>
        <line num="84" count="3" type="cond" truecount="2" falsecount="0"/>
        <line num="85" count="2" type="stmt"/>
        <line num="86" count="2" type="stmt"/>
        <line num="87" count="2" type="stmt"/>
        <line num="89" count="1" type="stmt"/>
        <line num="90" count="1" type="stmt"/>
        <line num="91" count="1" type="stmt"/>
        <line num="95" count="11" type="stmt"/>
        <line num="96" count="11" type="stmt"/>
        <line num="97" count="11" type="stmt"/>
        <line num="98" count="38" type="stmt"/>
        <line num="99" count="38" type="stmt"/>
        <line num="101" count="11" type="stmt"/>
        <line num="105" count="1" type="stmt"/>
        <line num="106" count="1" type="stmt"/>
        <line num="107" count="2" type="stmt"/>
        <line num="108" count="2" type="stmt"/>
        <line num="113" count="5" type="cond" truecount="2" falsecount="0"/>
        <line num="114" count="1" type="stmt"/>
        <line num="115" count="1" type="stmt"/>
        <line num="116" count="1" type="stmt"/>
        <line num="118" count="4" type="stmt"/>
        <line num="119" count="4" type="stmt"/>
        <line num="120" count="4" type="cond" truecount="2" falsecount="0"/>
        <line num="122" count="3" type="cond" truecount="2" falsecount="0"/>
        <line num="123" count="1" type="stmt"/>
        <line num="124" count="1" type="stmt"/>
        <line num="125" count="1" type="stmt"/>
        <line num="126" count="1" type="stmt"/>
        <line num="127" count="1" type="stmt"/>
        <line num="129" count="2" type="stmt"/>
        <line num="130" count="2" type="stmt"/>
        <line num="131" count="2" type="stmt"/>
        <line num="133" count="2" type="stmt"/>
        <line num="134" count="2" type="stmt"/>
        <line num="135" count="2" type="stmt"/>
        <line num="139" count="1" type="stmt"/>
        <line num="142" count="1" type="stmt"/>
        <line num="143" count="4" type="stmt"/>
        <line num="144" count="4" type="stmt"/>
        <line num="145" count="4" type="stmt"/>
        <line num="147" count="1" type="stmt"/>
        <line num="151" count="2" type="stmt"/>
        <line num="152" count="2" type="stmt"/>
        <line num="153" count="2" type="stmt"/>
        <line num="155" count="2" type="stmt"/>
        <line num="156" count="7" type="stmt"/>
        <line num="157" count="7" type="stmt"/>
        <line num="159" count="7" type="stmt"/>
        <line num="161" count="2" type="stmt"/>
        <line num="162" count="7" type="stmt"/>
        <line num="165" count="2" type="stmt"/>
        <line num="169" count="23" type="cond" truecount="6" falsecount="0"/>
        <line num="171" count="4" type="stmt"/>
        <line num="173" count="19" type="stmt"/>
        <line num="174" count="19" type="stmt"/>
        <line num="176" count="19" type="cond" truecount="2" falsecount="0"/>
        <line num="177" count="37" type="stmt"/>
        <line num="178" count="37" type="stmt"/>
        <line num="181" count="19" type="cond" truecount="2" falsecount="0"/>
        <line num="182" count="18" type="cond" truecount="2" falsecount="0"/>
        <line num="183" count="17" type="stmt"/>
        <line num="187" count="29" type="stmt"/>
      </file>
    </metrics>
  </project>
</coverage>
