{"/Users/caladan/WebstormProjects/eventloop/linkedList/src/LinkedList.ts": {"path":"/Users/caladan/WebstormProjects/eventloop/linkedList/src/LinkedList.ts","statementMap":{"0":{"start":{"line":1,"column":15},"end":{"line":1,"column":32}},"1":{"start":{"line":7,"column":8},"end":{"line":7,"column":27}},"2":{"start":{"line":11,"column":8},"end":{"line":11,"column":26}},"3":{"start":{"line":18,"column":21},"end":{"line":18,"column":45}},"4":{"start":{"line":19,"column":8},"end":{"line":22,"column":42}},"5":{"start":{"line":19,"column":38},"end":{"line":22,"column":40}},"6":{"start":{"line":20,"column":12},"end":{"line":20,"column":44}},"7":{"start":{"line":21,"column":12},"end":{"line":21,"column":40}},"8":{"start":{"line":26,"column":8},"end":{"line":26,"column":36}},"9":{"start":{"line":3,"column":0},"end":{"line":28,"column":1}},"10":{"start":{"line":36,"column":8},"end":{"line":36,"column":35}},"11":{"start":{"line":37,"column":8},"end":{"line":37,"column":25}},"12":{"start":{"line":38,"column":8},"end":{"line":38,"column":29}},"13":{"start":{"line":30,"column":0},"end":{"line":40,"column":1}},"14":{"start":{"line":43,"column":12},"end":{"line":43,"column":34}},"15":{"start":{"line":44,"column":12},"end":{"line":44,"column":34}},"16":{"start":{"line":45,"column":12},"end":{"line":45,"column":20}},"17":{"start":{"line":48,"column":8},"end":{"line":48,"column":65}},"18":{"start":{"line":48,"column":19},"end":{"line":48,"column":65}},"19":{"start":{"line":49,"column":8},"end":{"line":49,"column":25}},"20":{"start":{"line":53,"column":8},"end":{"line":53,"column":65}},"21":{"start":{"line":53,"column":19},"end":{"line":53,"column":65}},"22":{"start":{"line":54,"column":8},"end":{"line":54,"column":25}},"23":{"start":{"line":58,"column":21},"end":{"line":58,"column":39}},"24":{"start":{"line":60,"column":8},"end":{"line":71,"column":9}},"25":{"start":{"line":61,"column":12},"end":{"line":61,"column":29}},"26":{"start":{"line":62,"column":12},"end":{"line":62,"column":29}},"27":{"start":{"line":64,"column":12},"end":{"line":64,"column":32}},"28":{"start":{"line":65,"column":12},"end":{"line":67,"column":13}},"29":{"start":{"line":66,"column":16},"end":{"line":66,"column":39}},"30":{"start":{"line":68,"column":12},"end":{"line":68,"column":32}},"31":{"start":{"line":69,"column":12},"end":{"line":69,"column":44}},"32":{"start":{"line":70,"column":12},"end":{"line":70,"column":36}},"33":{"start":{"line":72,"column":8},"end":{"line":72,"column":19}},"34":{"start":{"line":76,"column":22},"end":{"line":76,"column":42}},"35":{"start":{"line":77,"column":8},"end":{"line":77,"column":40}},"36":{"start":{"line":77,"column":22},"end":{"line":77,"column":40}},"37":{"start":{"line":78,"column":8},"end":{"line":82,"column":9}},"38":{"start":{"line":79,"column":12},"end":{"line":79,"column":37}},"39":{"start":{"line":80,"column":12},"end":{"line":80,"column":23}},"40":{"start":{"line":81,"column":12},"end":{"line":81,"column":32}},"41":{"start":{"line":83,"column":8},"end":{"line":83,"column":45}},"42":{"start":{"line":84,"column":8},"end":{"line":88,"column":9}},"43":{"start":{"line":85,"column":12},"end":{"line":85,"column":23}},"44":{"start":{"line":86,"column":12},"end":{"line":86,"column":41}},"45":{"start":{"line":87,"column":12},"end":{"line":87,"column":31}},"46":{"start":{"line":89,"column":8},"end":{"line":89,"column":49}},"47":{"start":{"line":90,"column":8},"end":{"line":90,"column":19}},"48":{"start":{"line":91,"column":8},"end":{"line":91,"column":27}},"49":{"start":{"line":95,"column":22},"end":{"line":95,"column":24}},"50":{"start":{"line":96,"column":22},"end":{"line":96,"column":31}},"51":{"start":{"line":97,"column":8},"end":{"line":100,"column":9}},"52":{"start":{"line":98,"column":12},"end":{"line":98,"column":48}},"53":{"start":{"line":99,"column":12},"end":{"line":99,"column":35}},"54":{"start":{"line":101,"column":8},"end":{"line":101,"column":21}},"55":{"start":{"line":105,"column":22},"end":{"line":105,"column":31}},"56":{"start":{"line":106,"column":8},"end":{"line":109,"column":9}},"57":{"start":{"line":107,"column":12},"end":{"line":107,"column":35}},"58":{"start":{"line":108,"column":12},"end":{"line":108,"column":35}},"59":{"start":{"line":113,"column":8},"end":{"line":117,"column":9}},"60":{"start":{"line":114,"column":12},"end":{"line":114,"column":23}},"61":{"start":{"line":115,"column":12},"end":{"line":115,"column":30}},"62":{"start":{"line":116,"column":12},"end":{"line":116,"column":24}},"63":{"start":{"line":118,"column":21},"end":{"line":118,"column":39}},"64":{"start":{"line":119,"column":22},"end":{"line":119,"column":42}},"65":{"start":{"line":120,"column":8},"end":{"line":120,"column":40}},"66":{"start":{"line":120,"column":22},"end":{"line":120,"column":40}},"67":{"start":{"line":122,"column":8},"end":{"line":128,"column":9}},"68":{"start":{"line":123,"column":12},"end":{"line":123,"column":29}},"69":{"start":{"line":124,"column":12},"end":{"line":124,"column":32}},"70":{"start":{"line":125,"column":12},"end":{"line":125,"column":36}},"71":{"start":{"line":126,"column":12},"end":{"line":126,"column":23}},"72":{"start":{"line":127,"column":12},"end":{"line":127,"column":24}},"73":{"start":{"line":129,"column":8},"end":{"line":129,"column":19}},"74":{"start":{"line":130,"column":8},"end":{"line":130,"column":41}},"75":{"start":{"line":131,"column":8},"end":{"line":131,"column":37}},"76":{"start":{"line":133,"column":8},"end":{"line":133,"column":32}},"77":{"start":{"line":134,"column":8},"end":{"line":134,"column":28}},"78":{"start":{"line":135,"column":8},"end":{"line":135,"column":20}},"79":{"start":{"line":139,"column":22},"end":{"line":139,"column":31}},"80":{"start":{"line":142,"column":8},"end":{"line":146,"column":9}},"81":{"start":{"line":143,"column":12},"end":{"line":143,"column":32}},"82":{"start":{"line":144,"column":12},"end":{"line":144,"column":80}},"83":{"start":{"line":145,"column":12},"end":{"line":145,"column":27}},"84":{"start":{"line":147,"column":8},"end":{"line":147,"column":56}},"85":{"start":{"line":151,"column":22},"end":{"line":151,"column":38}},"86":{"start":{"line":152,"column":20},"end":{"line":152,"column":22}},"87":{"start":{"line":153,"column":22},"end":{"line":153,"column":31}},"88":{"start":{"line":155,"column":8},"end":{"line":158,"column":9}},"89":{"start":{"line":156,"column":12},"end":{"line":156,"column":80}},"90":{"start":{"line":157,"column":12},"end":{"line":157,"column":35}},"91":{"start":{"line":159,"column":8},"end":{"line":159,"column":55}},"92":{"start":{"line":159,"column":29},"end":{"line":159,"column":53}},"93":{"start":{"line":161,"column":8},"end":{"line":163,"column":11}},"94":{"start":{"line":162,"column":12},"end":{"line":162,"column":36}},"95":{"start":{"line":165,"column":8},"end":{"line":165,"column":33}},"96":{"start":{"line":169,"column":8},"end":{"line":171,"column":49}},"97":{"start":{"line":171,"column":36},"end":{"line":171,"column":49}},"98":{"start":{"line":173,"column":20},"end":{"line":173,"column":21}},"99":{"start":{"line":174,"column":22},"end":{"line":174,"column":31}},"100":{"start":{"line":176,"column":8},"end":{"line":179,"column":9}},"101":{"start":{"line":177,"column":12},"end":{"line":177,"column":20}},"102":{"start":{"line":178,"column":12},"end":{"line":178,"column":35}},"103":{"start":{"line":181,"column":8},"end":{"line":181,"column":43}},"104":{"start":{"line":181,"column":30},"end":{"line":181,"column":43}},"105":{"start":{"line":182,"column":8},"end":{"line":182,"column":50}},"106":{"start":{"line":182,"column":19},"end":{"line":182,"column":50}},"107":{"start":{"line":183,"column":8},"end":{"line":183,"column":22}},"108":{"start":{"line":187,"column":8},"end":{"line":187,"column":23}},"109":{"start":{"line":42,"column":0},"end":{"line":190,"column":1}}},"fnMap":{"0":{"name":"(anonymous_6)","decl":{"start":{"line":6,"column":4},"end":{"line":6,"column":15}},"loc":{"start":{"line":6,"column":21},"end":{"line":8,"column":5}}},"1":{"name":"(anonymous_7)","decl":{"start":{"line":10,"column":11},"end":{"line":10,"column":18}},"loc":{"start":{"line":10,"column":19},"end":{"line":12,"column":5}}},"2":{"name":"(anonymous_8)","decl":{"start":{"line":14,"column":4},"end":{"line":14,"column":14}},"loc":{"start":{"line":14,"column":24},"end":{"line":23,"column":5}}},"3":{"name":"(anonymous_9)","decl":{"start":{"line":19,"column":27},"end":{"line":19,"column":33}},"loc":{"start":{"line":19,"column":38},"end":{"line":22,"column":40}}},"4":{"name":"(anonymous_10)","decl":{"start":{"line":19,"column":49},"end":{"line":19,"column":51}},"loc":{"start":{"line":19,"column":54},"end":{"line":22,"column":9}}},"5":{"name":"(anonymous_11)","decl":{"start":{"line":25,"column":12},"end":{"line":25,"column":32}},"loc":{"start":{"line":25,"column":33},"end":{"line":27,"column":5}}},"6":{"name":"(anonymous_12)","decl":{"start":{"line":35,"column":4},"end":{"line":35,"column":15}},"loc":{"start":{"line":35,"column":20},"end":{"line":39,"column":5}}},"7":{"name":"(anonymous_13)","decl":{"start":{"line":42,"column":0},"end":{"line":null,"column":-1}},"loc":{"start":{"line":42,"column":0},"end":{"line":190,"column":1}}},"8":{"name":"(anonymous_14)","decl":{"start":{"line":47,"column":11},"end":{"line":47,"column":17}},"loc":{"start":{"line":47,"column":32},"end":{"line":50,"column":5}}},"9":{"name":"(anonymous_15)","decl":{"start":{"line":52,"column":11},"end":{"line":52,"column":17}},"loc":{"start":{"line":52,"column":32},"end":{"line":55,"column":5}}},"10":{"name":"(anonymous_16)","decl":{"start":{"line":57,"column":11},"end":{"line":57,"column":16}},"loc":{"start":{"line":57,"column":22},"end":{"line":73,"column":5}}},"11":{"name":"(anonymous_17)","decl":{"start":{"line":75,"column":11},"end":{"line":75,"column":18}},"loc":{"start":{"line":75,"column":31},"end":{"line":92,"column":5}}},"12":{"name":"(anonymous_18)","decl":{"start":{"line":94,"column":11},"end":{"line":94,"column":17}},"loc":{"start":{"line":94,"column":18},"end":{"line":102,"column":5}}},"13":{"name":"(anonymous_19)","decl":{"start":{"line":104,"column":11},"end":{"line":104,"column":14}},"loc":{"start":{"line":104,"column":34},"end":{"line":110,"column":5}}},"14":{"name":"(anonymous_20)","decl":{"start":{"line":112,"column":11},"end":{"line":112,"column":16}},"loc":{"start":{"line":112,"column":35},"end":{"line":136,"column":5}}},"15":{"name":"(anonymous_21)","decl":{"start":{"line":138,"column":11},"end":{"line":138,"column":17}},"loc":{"start":{"line":138,"column":18},"end":{"line":148,"column":5}}},"16":{"name":"(anonymous_22)","decl":{"start":{"line":150,"column":17},"end":{"line":150,"column":20}},"loc":{"start":{"line":150,"column":21},"end":{"line":166,"column":5}}},"17":{"name":"(anonymous_24)","decl":{"start":{"line":159,"column":19},"end":{"line":159,"column":20}},"loc":{"start":{"line":159,"column":29},"end":{"line":159,"column":53}}},"18":{"name":"(anonymous_25)","decl":{"start":{"line":161,"column":22},"end":{"line":161,"column":23}},"loc":{"start":{"line":161,"column":31},"end":{"line":163,"column":9}}},"19":{"name":"(anonymous_26)","decl":{"start":{"line":168,"column":11},"end":{"line":168,"column":20}},"loc":{"start":{"line":168,"column":45},"end":{"line":184,"column":5}}},"20":{"name":"(anonymous_27)","decl":{"start":{"line":186,"column":11},"end":{"line":186,"column":16}},"loc":{"start":{"line":186,"column":17},"end":{"line":188,"column":5}}}},"branchMap":{"0":{"loc":{"start":{"line":47,"column":27},"end":{"line":47,"column":32}},"type":"default-arg","locations":[{"start":{"line":47,"column":27},"end":{"line":47,"column":32}}]},"1":{"loc":{"start":{"line":48,"column":8},"end":{"line":48,"column":65}},"type":"if","locations":[{"start":{"line":48,"column":8},"end":{"line":48,"column":65}},{"start":{"line":48,"column":8},"end":{"line":48,"column":65}}]},"2":{"loc":{"start":{"line":48,"column":26},"end":{"line":48,"column":35}},"type":"binary-expr","locations":[{"start":{"line":48,"column":26},"end":{"line":48,"column":35}},{"start":{"line":48,"column":39},"end":{"line":48,"column":64}}]},"3":{"loc":{"start":{"line":52,"column":27},"end":{"line":52,"column":32}},"type":"default-arg","locations":[{"start":{"line":52,"column":27},"end":{"line":52,"column":32}}]},"4":{"loc":{"start":{"line":53,"column":8},"end":{"line":53,"column":65}},"type":"if","locations":[{"start":{"line":53,"column":8},"end":{"line":53,"column":65}},{"start":{"line":53,"column":8},"end":{"line":53,"column":65}}]},"5":{"loc":{"start":{"line":53,"column":26},"end":{"line":53,"column":35}},"type":"binary-expr","locations":[{"start":{"line":53,"column":26},"end":{"line":53,"column":35}},{"start":{"line":53,"column":39},"end":{"line":53,"column":64}}]},"6":{"loc":{"start":{"line":60,"column":8},"end":{"line":71,"column":9}},"type":"if","locations":[{"start":{"line":60,"column":8},"end":{"line":71,"column":9}},{"start":{"line":60,"column":8},"end":{"line":71,"column":9}}]},"7":{"loc":{"start":{"line":77,"column":8},"end":{"line":77,"column":40}},"type":"if","locations":[{"start":{"line":77,"column":8},"end":{"line":77,"column":40}},{"start":{"line":77,"column":8},"end":{"line":77,"column":40}}]},"8":{"loc":{"start":{"line":78,"column":8},"end":{"line":82,"column":9}},"type":"if","locations":[{"start":{"line":78,"column":8},"end":{"line":82,"column":9}},{"start":{"line":78,"column":8},"end":{"line":82,"column":9}}]},"9":{"loc":{"start":{"line":84,"column":8},"end":{"line":88,"column":9}},"type":"if","locations":[{"start":{"line":84,"column":8},"end":{"line":88,"column":9}},{"start":{"line":84,"column":8},"end":{"line":88,"column":9}}]},"10":{"loc":{"start":{"line":113,"column":8},"end":{"line":117,"column":9}},"type":"if","locations":[{"start":{"line":113,"column":8},"end":{"line":117,"column":9}},{"start":{"line":113,"column":8},"end":{"line":117,"column":9}}]},"11":{"loc":{"start":{"line":120,"column":8},"end":{"line":120,"column":40}},"type":"if","locations":[{"start":{"line":120,"column":8},"end":{"line":120,"column":40}},{"start":{"line":120,"column":8},"end":{"line":120,"column":40}}]},"12":{"loc":{"start":{"line":122,"column":8},"end":{"line":128,"column":9}},"type":"if","locations":[{"start":{"line":122,"column":8},"end":{"line":128,"column":9}},{"start":{"line":122,"column":8},"end":{"line":128,"column":9}}]},"13":{"loc":{"start":{"line":168,"column":40},"end":{"line":168,"column":45}},"type":"default-arg","locations":[{"start":{"line":168,"column":40},"end":{"line":168,"column":45}}]},"14":{"loc":{"start":{"line":169,"column":8},"end":{"line":171,"column":49}},"type":"if","locations":[{"start":{"line":169,"column":8},"end":{"line":171,"column":49}},{"start":{"line":169,"column":8},"end":{"line":171,"column":49}}]},"15":{"loc":{"start":{"line":169,"column":12},"end":{"line":169,"column":36}},"type":"binary-expr","locations":[{"start":{"line":169,"column":12},"end":{"line":169,"column":36}},{"start":{"line":170,"column":12},"end":{"line":170,"column":24}},{"start":{"line":170,"column":28},"end":{"line":170,"column":45}},{"start":{"line":171,"column":12},"end":{"line":171,"column":34}}]},"16":{"loc":{"start":{"line":176,"column":15},"end":{"line":176,"column":31}},"type":"binary-expr","locations":[{"start":{"line":176,"column":15},"end":{"line":176,"column":31}},{"start":{"line":176,"column":35},"end":{"line":176,"column":42}}]},"17":{"loc":{"start":{"line":181,"column":8},"end":{"line":181,"column":43}},"type":"if","locations":[{"start":{"line":181,"column":8},"end":{"line":181,"column":43}},{"start":{"line":181,"column":8},"end":{"line":181,"column":43}}]},"18":{"loc":{"start":{"line":182,"column":8},"end":{"line":182,"column":50}},"type":"if","locations":[{"start":{"line":182,"column":8},"end":{"line":182,"column":50}},{"start":{"line":182,"column":8},"end":{"line":182,"column":50}}]}},"s":{"0":1,"1":64,"2":51,"3":8,"4":8,"5":8,"6":8,"7":8,"8":8,"9":1,"10":63,"11":63,"12":63,"13":1,"14":19,"15":19,"16":19,"17":3,"18":1,"19":2,"20":7,"21":3,"22":4,"23":59,"24":59,"25":19,"26":19,"27":40,"28":40,"29":34,"30":40,"31":40,"32":40,"33":59,"34":5,"35":5,"36":1,"37":4,"38":1,"39":1,"40":1,"41":3,"42":3,"43":2,"44":2,"45":2,"46":1,"47":1,"48":1,"49":11,"50":11,"51":11,"52":38,"53":38,"54":11,"55":1,"56":1,"57":2,"58":2,"59":5,"60":1,"61":1,"62":1,"63":4,"64":4,"65":4,"66":1,"67":3,"68":1,"69":1,"70":1,"71":1,"72":1,"73":2,"74":2,"75":2,"76":2,"77":2,"78":2,"79":1,"80":1,"81":4,"82":4,"83":4,"84":1,"85":2,"86":2,"87":2,"88":2,"89":7,"90":7,"91":2,"92":7,"93":2,"94":7,"95":2,"96":23,"97":4,"98":19,"99":19,"100":19,"101":37,"102":37,"103":19,"104":1,"105":18,"106":1,"107":17,"108":29,"109":1},"f":{"0":64,"1":51,"2":8,"3":8,"4":8,"5":8,"6":63,"7":19,"8":3,"9":7,"10":59,"11":5,"12":11,"13":1,"14":5,"15":1,"16":2,"17":7,"18":7,"19":23,"20":29},"b":{"0":[2],"1":[1,2],"2":[1,1],"3":[4],"4":[3,4],"5":[3,2],"6":[19,40],"7":[1,4],"8":[1,3],"9":[2,1],"10":[1,4],"11":[1,3],"12":[1,2],"13":[20],"14":[4,19],"15":[23,21,19,19],"16":[56,37],"17":[1,18],"18":[1,17]}}
}
