{"/Users/zoltanmagyar/Sandbox/doublylinkedlist/src/LinkedList.ts": {"path":"/Users/zoltanmagyar/Sandbox/doublylinkedlist/src/LinkedList.ts","statementMap":{"0":{"start":{"line":1,"column":15},"end":{"line":1,"column":32}},"1":{"start":{"line":7,"column":8},"end":{"line":7,"column":27}},"2":{"start":{"line":11,"column":8},"end":{"line":11,"column":26}},"3":{"start":{"line":18,"column":21},"end":{"line":18,"column":45}},"4":{"start":{"line":19,"column":8},"end":{"line":22,"column":42}},"5":{"start":{"line":19,"column":38},"end":{"line":22,"column":40}},"6":{"start":{"line":20,"column":12},"end":{"line":20,"column":44}},"7":{"start":{"line":21,"column":12},"end":{"line":21,"column":40}},"8":{"start":{"line":26,"column":8},"end":{"line":26,"column":36}},"9":{"start":{"line":3,"column":0},"end":{"line":28,"column":1}},"10":{"start":{"line":36,"column":8},"end":{"line":36,"column":35}},"11":{"start":{"line":37,"column":8},"end":{"line":37,"column":25}},"12":{"start":{"line":38,"column":8},"end":{"line":38,"column":29}},"13":{"start":{"line":30,"column":0},"end":{"line":40,"column":1}},"14":{"start":{"line":43,"column":12},"end":{"line":43,"column":34}},"15":{"start":{"line":44,"column":12},"end":{"line":44,"column":34}},"16":{"start":{"line":45,"column":12},"end":{"line":45,"column":20}},"17":{"start":{"line":53,"column":8},"end":{"line":53,"column":25}},"18":{"start":{"line":62,"column":8},"end":{"line":62,"column":25}},"19":{"start":{"line":71,"column":8},"end":{"line":71,"column":54}},"20":{"start":{"line":80,"column":8},"end":{"line":80,"column":54}},"21":{"start":{"line":90,"column":21},"end":{"line":90,"column":39}},"22":{"start":{"line":91,"column":8},"end":{"line":98,"column":9}},"23":{"start":{"line":92,"column":12},"end":{"line":92,"column":29}},"24":{"start":{"line":93,"column":12},"end":{"line":93,"column":29}},"25":{"start":{"line":95,"column":12},"end":{"line":95,"column":38}},"26":{"start":{"line":96,"column":12},"end":{"line":96,"column":34}},"27":{"start":{"line":97,"column":12},"end":{"line":97,"column":29}},"28":{"start":{"line":99,"column":8},"end":{"line":99,"column":19}},"29":{"start":{"line":100,"column":8},"end":{"line":100,"column":20}},"30":{"start":{"line":110,"column":22},"end":{"line":110,"column":42}},"31":{"start":{"line":111,"column":8},"end":{"line":111,"column":40}},"32":{"start":{"line":111,"column":22},"end":{"line":111,"column":40}},"33":{"start":{"line":113,"column":25},"end":{"line":113,"column":41}},"34":{"start":{"line":114,"column":21},"end":{"line":114,"column":33}},"35":{"start":{"line":115,"column":8},"end":{"line":124,"column":9}},"36":{"start":{"line":116,"column":12},"end":{"line":116,"column":29}},"37":{"start":{"line":118,"column":12},"end":{"line":118,"column":33}},"38":{"start":{"line":119,"column":12},"end":{"line":123,"column":13}},"39":{"start":{"line":120,"column":16},"end":{"line":120,"column":37}},"40":{"start":{"line":122,"column":16},"end":{"line":122,"column":41}},"41":{"start":{"line":125,"column":8},"end":{"line":125,"column":19}},"42":{"start":{"line":126,"column":8},"end":{"line":126,"column":27}},"43":{"start":{"line":135,"column":22},"end":{"line":135,"column":24}},"44":{"start":{"line":136,"column":8},"end":{"line":138,"column":11}},"45":{"start":{"line":137,"column":12},"end":{"line":137,"column":40}},"46":{"start":{"line":139,"column":8},"end":{"line":139,"column":21}},"47":{"start":{"line":149,"column":22},"end":{"line":149,"column":31}},"48":{"start":{"line":150,"column":8},"end":{"line":153,"column":9}},"49":{"start":{"line":151,"column":12},"end":{"line":151,"column":35}},"50":{"start":{"line":152,"column":12},"end":{"line":152,"column":35}},"51":{"start":{"line":165,"column":8},"end":{"line":167,"column":9}},"52":{"start":{"line":166,"column":12},"end":{"line":166,"column":37}},"53":{"start":{"line":168,"column":21},"end":{"line":168,"column":39}},"54":{"start":{"line":169,"column":22},"end":{"line":169,"column":42}},"55":{"start":{"line":170,"column":8},"end":{"line":170,"column":40}},"56":{"start":{"line":170,"column":22},"end":{"line":170,"column":40}},"57":{"start":{"line":172,"column":8},"end":{"line":178,"column":9}},"58":{"start":{"line":173,"column":12},"end":{"line":173,"column":29}},"59":{"start":{"line":174,"column":12},"end":{"line":174,"column":32}},"60":{"start":{"line":175,"column":12},"end":{"line":175,"column":36}},"61":{"start":{"line":176,"column":12},"end":{"line":176,"column":23}},"62":{"start":{"line":177,"column":12},"end":{"line":177,"column":24}},"63":{"start":{"line":179,"column":8},"end":{"line":179,"column":19}},"64":{"start":{"line":180,"column":8},"end":{"line":180,"column":41}},"65":{"start":{"line":181,"column":8},"end":{"line":181,"column":37}},"66":{"start":{"line":183,"column":8},"end":{"line":183,"column":32}},"67":{"start":{"line":184,"column":8},"end":{"line":184,"column":28}},"68":{"start":{"line":185,"column":8},"end":{"line":185,"column":20}},"69":{"start":{"line":192,"column":22},"end":{"line":192,"column":31}},"70":{"start":{"line":195,"column":8},"end":{"line":199,"column":9}},"71":{"start":{"line":196,"column":12},"end":{"line":196,"column":32}},"72":{"start":{"line":197,"column":12},"end":{"line":197,"column":80}},"73":{"start":{"line":198,"column":12},"end":{"line":198,"column":27}},"74":{"start":{"line":201,"column":8},"end":{"line":201,"column":56}},"75":{"start":{"line":210,"column":22},"end":{"line":210,"column":38}},"76":{"start":{"line":211,"column":20},"end":{"line":211,"column":22}},"77":{"start":{"line":212,"column":22},"end":{"line":212,"column":31}},"78":{"start":{"line":214,"column":8},"end":{"line":217,"column":9}},"79":{"start":{"line":215,"column":12},"end":{"line":215,"column":80}},"80":{"start":{"line":216,"column":12},"end":{"line":216,"column":35}},"81":{"start":{"line":218,"column":8},"end":{"line":218,"column":55}},"82":{"start":{"line":218,"column":29},"end":{"line":218,"column":53}},"83":{"start":{"line":220,"column":8},"end":{"line":222,"column":11}},"84":{"start":{"line":221,"column":12},"end":{"line":221,"column":36}},"85":{"start":{"line":224,"column":8},"end":{"line":224,"column":33}},"86":{"start":{"line":234,"column":8},"end":{"line":236,"column":48}},"87":{"start":{"line":236,"column":36},"end":{"line":236,"column":48}},"88":{"start":{"line":238,"column":20},"end":{"line":238,"column":21}},"89":{"start":{"line":239,"column":22},"end":{"line":239,"column":31}},"90":{"start":{"line":241,"column":8},"end":{"line":244,"column":9}},"91":{"start":{"line":242,"column":12},"end":{"line":242,"column":20}},"92":{"start":{"line":243,"column":12},"end":{"line":243,"column":35}},"93":{"start":{"line":246,"column":8},"end":{"line":246,"column":23}},"94":{"start":{"line":256,"column":21},"end":{"line":256,"column":46}},"95":{"start":{"line":257,"column":8},"end":{"line":257,"column":44}},"96":{"start":{"line":266,"column":8},"end":{"line":266,"column":24}},"97":{"start":{"line":42,"column":0},"end":{"line":269,"column":1}}},"fnMap":{"0":{"name":"(anonymous_6)","decl":{"start":{"line":6,"column":4},"end":{"line":6,"column":15}},"loc":{"start":{"line":6,"column":21},"end":{"line":8,"column":5}}},"1":{"name":"(anonymous_7)","decl":{"start":{"line":10,"column":11},"end":{"line":10,"column":18}},"loc":{"start":{"line":10,"column":19},"end":{"line":12,"column":5}}},"2":{"name":"(anonymous_8)","decl":{"start":{"line":14,"column":4},"end":{"line":14,"column":14}},"loc":{"start":{"line":14,"column":24},"end":{"line":23,"column":5}}},"3":{"name":"(anonymous_9)","decl":{"start":{"line":19,"column":27},"end":{"line":19,"column":33}},"loc":{"start":{"line":19,"column":38},"end":{"line":22,"column":40}}},"4":{"name":"(anonymous_10)","decl":{"start":{"line":19,"column":49},"end":{"line":19,"column":51}},"loc":{"start":{"line":19,"column":54},"end":{"line":22,"column":9}}},"5":{"name":"(anonymous_11)","decl":{"start":{"line":25,"column":12},"end":{"line":25,"column":32}},"loc":{"start":{"line":25,"column":33},"end":{"line":27,"column":5}}},"6":{"name":"(anonymous_12)","decl":{"start":{"line":35,"column":4},"end":{"line":35,"column":15}},"loc":{"start":{"line":35,"column":20},"end":{"line":39,"column":5}}},"7":{"name":"(anonymous_13)","decl":{"start":{"line":42,"column":0},"end":{"line":null,"column":-1}},"loc":{"start":{"line":42,"column":0},"end":{"line":269,"column":1}}},"8":{"name":"(anonymous_14)","decl":{"start":{"line":52,"column":11},"end":{"line":52,"column":17}},"loc":{"start":{"line":52,"column":18},"end":{"line":54,"column":5}}},"9":{"name":"(anonymous_15)","decl":{"start":{"line":61,"column":11},"end":{"line":61,"column":17}},"loc":{"start":{"line":61,"column":18},"end":{"line":63,"column":5}}},"10":{"name":"(anonymous_16)","decl":{"start":{"line":70,"column":11},"end":{"line":70,"column":22}},"loc":{"start":{"line":70,"column":23},"end":{"line":72,"column":5}}},"11":{"name":"(anonymous_17)","decl":{"start":{"line":79,"column":11},"end":{"line":79,"column":22}},"loc":{"start":{"line":79,"column":23},"end":{"line":81,"column":5}}},"12":{"name":"(anonymous_18)","decl":{"start":{"line":89,"column":11},"end":{"line":89,"column":16}},"loc":{"start":{"line":89,"column":22},"end":{"line":101,"column":5}}},"13":{"name":"(anonymous_19)","decl":{"start":{"line":109,"column":11},"end":{"line":109,"column":18}},"loc":{"start":{"line":109,"column":31},"end":{"line":127,"column":5}}},"14":{"name":"(anonymous_20)","decl":{"start":{"line":134,"column":11},"end":{"line":134,"column":17}},"loc":{"start":{"line":134,"column":18},"end":{"line":140,"column":5}}},"15":{"name":"(anonymous_21)","decl":{"start":{"line":136,"column":18},"end":{"line":136,"column":19}},"loc":{"start":{"line":136,"column":27},"end":{"line":138,"column":9}}},"16":{"name":"(anonymous_22)","decl":{"start":{"line":148,"column":11},"end":{"line":148,"column":14}},"loc":{"start":{"line":148,"column":34},"end":{"line":154,"column":5}}},"17":{"name":"(anonymous_23)","decl":{"start":{"line":164,"column":11},"end":{"line":164,"column":16}},"loc":{"start":{"line":164,"column":35},"end":{"line":186,"column":5}}},"18":{"name":"(anonymous_24)","decl":{"start":{"line":191,"column":11},"end":{"line":191,"column":17}},"loc":{"start":{"line":191,"column":18},"end":{"line":202,"column":5}}},"19":{"name":"(anonymous_25)","decl":{"start":{"line":209,"column":17},"end":{"line":209,"column":20}},"loc":{"start":{"line":209,"column":21},"end":{"line":225,"column":5}}},"20":{"name":"(anonymous_27)","decl":{"start":{"line":218,"column":19},"end":{"line":218,"column":20}},"loc":{"start":{"line":218,"column":29},"end":{"line":218,"column":53}}},"21":{"name":"(anonymous_28)","decl":{"start":{"line":220,"column":22},"end":{"line":220,"column":23}},"loc":{"start":{"line":220,"column":31},"end":{"line":222,"column":9}}},"22":{"name":"(anonymous_29)","decl":{"start":{"line":233,"column":11},"end":{"line":233,"column":20}},"loc":{"start":{"line":233,"column":30},"end":{"line":247,"column":5}}},"23":{"name":"(anonymous_30)","decl":{"start":{"line":255,"column":4},"end":{"line":255,"column":18}},"loc":{"start":{"line":255,"column":28},"end":{"line":258,"column":5}}},"24":{"name":"(anonymous_31)","decl":{"start":{"line":265,"column":11},"end":{"line":265,"column":16}},"loc":{"start":{"line":265,"column":17},"end":{"line":267,"column":5}}}},"branchMap":{"0":{"loc":{"start":{"line":71,"column":15},"end":{"line":71,"column":24}},"type":"binary-expr","locations":[{"start":{"line":71,"column":15},"end":{"line":71,"column":24}},{"start":{"line":71,"column":28},"end":{"line":71,"column":53}}]},"1":{"loc":{"start":{"line":80,"column":15},"end":{"line":80,"column":24}},"type":"binary-expr","locations":[{"start":{"line":80,"column":15},"end":{"line":80,"column":24}},{"start":{"line":80,"column":28},"end":{"line":80,"column":53}}]},"2":{"loc":{"start":{"line":91,"column":8},"end":{"line":98,"column":9}},"type":"if","locations":[{"start":{"line":91,"column":8},"end":{"line":98,"column":9}},{"start":{"line":91,"column":8},"end":{"line":98,"column":9}}]},"3":{"loc":{"start":{"line":111,"column":8},"end":{"line":111,"column":40}},"type":"if","locations":[{"start":{"line":111,"column":8},"end":{"line":111,"column":40}},{"start":{"line":111,"column":8},"end":{"line":111,"column":40}}]},"4":{"loc":{"start":{"line":115,"column":8},"end":{"line":124,"column":9}},"type":"if","locations":[{"start":{"line":115,"column":8},"end":{"line":124,"column":9}},{"start":{"line":115,"column":8},"end":{"line":124,"column":9}}]},"5":{"loc":{"start":{"line":119,"column":12},"end":{"line":123,"column":13}},"type":"if","locations":[{"start":{"line":119,"column":12},"end":{"line":123,"column":13}},{"start":{"line":119,"column":12},"end":{"line":123,"column":13}}]},"6":{"loc":{"start":{"line":165,"column":8},"end":{"line":167,"column":9}},"type":"if","locations":[{"start":{"line":165,"column":8},"end":{"line":167,"column":9}},{"start":{"line":165,"column":8},"end":{"line":167,"column":9}}]},"7":{"loc":{"start":{"line":170,"column":8},"end":{"line":170,"column":40}},"type":"if","locations":[{"start":{"line":170,"column":8},"end":{"line":170,"column":40}},{"start":{"line":170,"column":8},"end":{"line":170,"column":40}}]},"8":{"loc":{"start":{"line":172,"column":8},"end":{"line":178,"column":9}},"type":"if","locations":[{"start":{"line":172,"column":8},"end":{"line":178,"column":9}},{"start":{"line":172,"column":8},"end":{"line":178,"column":9}}]},"9":{"loc":{"start":{"line":234,"column":8},"end":{"line":236,"column":48}},"type":"if","locations":[{"start":{"line":234,"column":8},"end":{"line":236,"column":48}},{"start":{"line":234,"column":8},"end":{"line":236,"column":48}}]},"10":{"loc":{"start":{"line":234,"column":12},"end":{"line":234,"column":36}},"type":"binary-expr","locations":[{"start":{"line":234,"column":12},"end":{"line":234,"column":36}},{"start":{"line":235,"column":12},"end":{"line":235,"column":24}},{"start":{"line":235,"column":28},"end":{"line":235,"column":45}},{"start":{"line":236,"column":12},"end":{"line":236,"column":34}}]},"11":{"loc":{"start":{"line":241,"column":15},"end":{"line":241,"column":31}},"type":"binary-expr","locations":[{"start":{"line":241,"column":15},"end":{"line":241,"column":31}},{"start":{"line":241,"column":35},"end":{"line":241,"column":42}}]},"12":{"loc":{"start":{"line":257,"column":15},"end":{"line":257,"column":19}},"type":"binary-expr","locations":[{"start":{"line":257,"column":15},"end":{"line":257,"column":19}},{"start":{"line":257,"column":23},"end":{"line":257,"column":43}}]}},"s":{"0":1,"1":64,"2":51,"3":8,"4":8,"5":8,"6":8,"7":8,"8":8,"9":1,"10":63,"11":63,"12":63,"13":1,"14":19,"15":19,"16":19,"17":2,"18":4,"19":1,"20":3,"21":59,"22":59,"23":19,"24":19,"25":40,"26":40,"27":40,"28":59,"29":59,"30":5,"31":5,"32":1,"33":4,"34":4,"35":4,"36":1,"37":3,"38":3,"39":2,"40":1,"41":4,"42":4,"43":11,"44":11,"45":38,"46":11,"47":12,"48":12,"49":40,"50":40,"51":5,"52":1,"53":4,"54":4,"55":4,"56":1,"57":3,"58":1,"59":1,"60":1,"61":1,"62":1,"63":2,"64":2,"65":2,"66":2,"67":2,"68":2,"69":1,"70":1,"71":4,"72":4,"73":4,"74":1,"75":2,"76":2,"77":2,"78":2,"79":7,"80":7,"81":2,"82":7,"83":2,"84":7,"85":2,"86":23,"87":4,"88":19,"89":19,"90":19,"91":37,"92":37,"93":19,"94":3,"95":3,"96":32,"97":1},"f":{"0":64,"1":51,"2":8,"3":8,"4":8,"5":8,"6":63,"7":19,"8":2,"9":4,"10":1,"11":3,"12":59,"13":5,"14":11,"15":38,"16":12,"17":5,"18":1,"19":2,"20":7,"21":7,"22":23,"23":3,"24":32},"b":{"0":[1,1],"1":[3,2],"2":[19,40],"3":[1,4],"4":[1,3],"5":[2,1],"6":[1,4],"7":[1,3],"8":[1,2],"9":[4,19],"10":[23,21,19,19],"11":[56,37],"12":[3,1]}}
}
