TN:
SF:/Users/caladan/WebstormProjects/eventloop/linkedList/src/LinkedList.ts
FN:6,(anonymous_6)
FN:10,(anonymous_7)
FN:14,(anonymous_8)
FN:19,(anonymous_9)
FN:19,(anonymous_10)
FN:25,(anonymous_11)
FN:35,(anonymous_12)
FN:42,(anonymous_13)
FN:47,(anonymous_14)
FN:52,(anonymous_15)
FN:57,(anonymous_16)
FN:75,(anonymous_17)
FN:94,(anonymous_18)
FN:104,(anonymous_19)
FN:112,(anonymous_20)
FN:138,(anonymous_21)
FN:150,(anonymous_22)
FN:159,(anonymous_24)
FN:161,(anonymous_25)
FN:168,(anonymous_26)
FN:186,(anonymous_27)
FNF:21
FNH:21
FNDA:64,(anonymous_6)
FNDA:51,(anonymous_7)
FNDA:8,(anonymous_8)
FNDA:8,(anonymous_9)
FNDA:8,(anonymous_10)
FNDA:8,(anonymous_11)
FNDA:63,(anonymous_12)
FNDA:19,(anonymous_13)
FNDA:3,(anonymous_14)
FNDA:7,(anonymous_15)
FNDA:59,(anonymous_16)
FNDA:5,(anonymous_17)
FNDA:11,(anonymous_18)
FNDA:1,(anonymous_19)
FNDA:5,(anonymous_20)
FNDA:1,(anonymous_21)
FNDA:2,(anonymous_22)
FNDA:7,(anonymous_24)
FNDA:7,(anonymous_25)
FNDA:23,(anonymous_26)
FNDA:29,(anonymous_27)
DA:1,1
DA:3,1
DA:7,64
DA:11,51
DA:18,8
DA:19,8
DA:20,8
DA:21,8
DA:26,8
DA:30,1
DA:36,63
DA:37,63
DA:38,63
DA:42,1
DA:43,19
DA:44,19
DA:45,19
DA:48,3
DA:49,2
DA:53,7
DA:54,4
DA:58,59
DA:60,59
DA:61,19
DA:62,19
DA:64,40
DA:65,40
DA:66,34
DA:68,40
DA:69,40
DA:70,40
DA:72,59
DA:76,5
DA:77,5
DA:78,4
DA:79,1
DA:80,1
DA:81,1
DA:83,3
DA:84,3
DA:85,2
DA:86,2
DA:87,2
DA:89,1
DA:90,1
DA:91,1
DA:95,11
DA:96,11
DA:97,11
DA:98,38
DA:99,38
DA:101,11
DA:105,1
DA:106,1
DA:107,2
DA:108,2
DA:113,5
DA:114,1
DA:115,1
DA:116,1
DA:118,4
DA:119,4
DA:120,4
DA:122,3
DA:123,1
DA:124,1
DA:125,1
DA:126,1
DA:127,1
DA:129,2
DA:130,2
DA:131,2
DA:133,2
DA:134,2
DA:135,2
DA:139,1
DA:142,1
DA:143,4
DA:144,4
DA:145,4
DA:147,1
DA:151,2
DA:152,2
DA:153,2
DA:155,2
DA:156,7
DA:157,7
DA:159,7
DA:161,2
DA:162,7
DA:165,2
DA:169,23
DA:171,4
DA:173,19
DA:174,19
DA:176,19
DA:177,37
DA:178,37
DA:181,19
DA:182,18
DA:183,17
DA:187,29
LF:102
LH:102
BRDA:47,0,0,2
BRDA:48,1,0,1
BRDA:48,1,1,2
BRDA:48,2,0,1
BRDA:48,2,1,1
BRDA:52,3,0,4
BRDA:53,4,0,3
BRDA:53,4,1,4
BRDA:53,5,0,3
BRDA:53,5,1,2
BRDA:60,6,0,19
BRDA:60,6,1,40
BRDA:77,7,0,1
BRDA:77,7,1,4
BRDA:78,8,0,1
BRDA:78,8,1,3
BRDA:84,9,0,2
BRDA:84,9,1,1
BRDA:113,10,0,1
BRDA:113,10,1,4
BRDA:120,11,0,1
BRDA:120,11,1,3
BRDA:122,12,0,1
BRDA:122,12,1,2
BRDA:168,13,0,20
BRDA:169,14,0,4
BRDA:169,14,1,19
BRDA:169,15,0,23
BRDA:169,15,1,21
BRDA:169,15,2,19
BRDA:169,15,3,19
BRDA:176,16,0,56
BRDA:176,16,1,37
BRDA:181,17,0,1
BRDA:181,17,1,18
BRDA:182,18,0,1
BRDA:182,18,1,17
BRF:37
BRH:37
end_of_record
