TN:
SF:/Users/zoltanmagyar/Sandbox/doublylinkedlist/src/LinkedList.ts
FN:6,(anonymous_6)
FN:10,(anonymous_7)
FN:14,(anonymous_8)
FN:19,(anonymous_9)
FN:19,(anonymous_10)
FN:25,(anonymous_11)
FN:35,(anonymous_12)
FN:42,(anonymous_13)
FN:52,(anonymous_14)
FN:61,(anonymous_15)
FN:70,(anonymous_16)
FN:79,(anonymous_17)
FN:89,(anonymous_18)
FN:109,(anonymous_19)
FN:134,(anonymous_20)
FN:136,(anonymous_21)
FN:148,(anonymous_22)
FN:164,(anonymous_23)
FN:191,(anonymous_24)
FN:209,(anonymous_25)
FN:218,(anonymous_27)
FN:220,(anonymous_28)
FN:233,(anonymous_29)
FN:255,(anonymous_30)
FN:265,(anonymous_31)
FNF:25
FNH:25
FNDA:64,(anonymous_6)
FNDA:51,(anonymous_7)
FNDA:8,(anonymous_8)
FNDA:8,(anonymous_9)
FNDA:8,(anonymous_10)
FNDA:8,(anonymous_11)
FNDA:63,(anonymous_12)
FNDA:19,(anonymous_13)
FNDA:2,(anonymous_14)
FNDA:4,(anonymous_15)
FNDA:1,(anonymous_16)
FNDA:3,(anonymous_17)
FNDA:59,(anonymous_18)
FNDA:5,(anonymous_19)
FNDA:11,(anonymous_20)
FNDA:38,(anonymous_21)
FNDA:12,(anonymous_22)
FNDA:5,(anonymous_23)
FNDA:1,(anonymous_24)
FNDA:2,(anonymous_25)
FNDA:7,(anonymous_27)
FNDA:7,(anonymous_28)
FNDA:23,(anonymous_29)
FNDA:3,(anonymous_30)
FNDA:32,(anonymous_31)
DA:1,1
DA:3,1
DA:7,64
DA:11,51
DA:18,8
DA:19,8
DA:20,8
DA:21,8
DA:26,8
DA:30,1
DA:36,63
DA:37,63
DA:38,63
DA:42,1
DA:43,19
DA:44,19
DA:45,19
DA:53,2
DA:62,4
DA:71,1
DA:80,3
DA:90,59
DA:91,59
DA:92,19
DA:93,19
DA:95,40
DA:96,40
DA:97,40
DA:99,59
DA:100,59
DA:110,5
DA:111,5
DA:113,4
DA:114,4
DA:115,4
DA:116,1
DA:118,3
DA:119,3
DA:120,2
DA:122,1
DA:125,4
DA:126,4
DA:135,11
DA:136,11
DA:137,38
DA:139,11
DA:149,12
DA:150,12
DA:151,40
DA:152,40
DA:165,5
DA:166,1
DA:168,4
DA:169,4
DA:170,4
DA:172,3
DA:173,1
DA:174,1
DA:175,1
DA:176,1
DA:177,1
DA:179,2
DA:180,2
DA:181,2
DA:183,2
DA:184,2
DA:185,2
DA:192,1
DA:195,1
DA:196,4
DA:197,4
DA:198,4
DA:201,1
DA:210,2
DA:211,2
DA:212,2
DA:214,2
DA:215,7
DA:216,7
DA:218,7
DA:220,2
DA:221,7
DA:224,2
DA:234,23
DA:236,4
DA:238,19
DA:239,19
DA:241,19
DA:242,37
DA:243,37
DA:246,19
DA:256,3
DA:257,3
DA:266,32
LF:94
LH:94
BRDA:71,0,0,1
BRDA:71,0,1,1
BRDA:80,1,0,3
BRDA:80,1,1,2
BRDA:91,2,0,19
BRDA:91,2,1,40
BRDA:111,3,0,1
BRDA:111,3,1,4
BRDA:115,4,0,1
BRDA:115,4,1,3
BRDA:119,5,0,2
BRDA:119,5,1,1
BRDA:165,6,0,1
BRDA:165,6,1,4
BRDA:170,7,0,1
BRDA:170,7,1,3
BRDA:172,8,0,1
BRDA:172,8,1,2
BRDA:234,9,0,4
BRDA:234,9,1,19
BRDA:234,10,0,23
BRDA:234,10,1,21
BRDA:234,10,2,19
BRDA:234,10,3,19
BRDA:241,11,0,56
BRDA:241,11,1,37
BRDA:257,12,0,3
BRDA:257,12,1,1
BRF:28
BRH:28
end_of_record
